

Microchip MPLAB XC8 Assembler V2.10 build 88905656 
                                                                                               Sat Sep 21 13:09:32 2019

Microchip MPLAB XC8 C Compiler v2.10 (Free license) build 20190730164152 Og1 
     1                           	processor	18F8722
     2                           	fnconf	rparam,??,?,0
     3                           	opt	pw 120
     4                           	opt	flic
     5                           	psect	cinit,global,reloc=2,class=CODE,delta=1
     6                           	psect	cstackCOMRAM,global,class=COMRAM,space=1,delta=1,noexec
     7                           	psect	text0,global,reloc=2,class=CODE,delta=1
     8                           	psect	intsave_regs,global,class=BIGRAM,space=1,delta=1,noexec
     9                           	psect	rparam,global,class=COMRAM,space=1,delta=1,noexec
    10  0000                     
    11                           ; Version 2.10
    12                           ; Generated 31/07/2019 GMT
    13                           ; 
    14                           ; Copyright © 2019, Microchip Technology Inc. and its subsidiaries ("Microchip")
    15                           ; All rights reserved.
    16                           ; 
    17                           ; This software is developed by Microchip Technology Inc. and its subsidiaries ("Microch
      +                          ip").
    18                           ; 
    19                           ; Redistribution and use in source and binary forms, with or without modification, are
    20                           ; permitted provided that the following conditions are met:
    21                           ; 
    22                           ;     1. Redistributions of source code must retain the above copyright notice, this lis
      +                          t of
    23                           ;        conditions and the following disclaimer.
    24                           ; 
    25                           ;     2. Redistributions in binary form must reproduce the above copyright notice, this 
      +                          list
    26                           ;        of conditions and the following disclaimer in the documentation and/or other
    27                           ;        materials provided with the distribution.
    28                           ; 
    29                           ;     3. Microchip's name may not be used to endorse or promote products derived from th
      +                          is
    30                           ;        software without specific prior written permission.
    31                           ; 
    32                           ; THIS SOFTWARE IS PROVIDED BY MICROCHIP "AS IS" AND ANY EXPRESS OR IMPLIED WARRANTIES,
    33                           ; INCLUDING, BUT NOT LIMITED TO, THE IMPLIED WARRANTIES OF MERCHANTABILITY AND FITNESS F
      +                          OR
    34                           ; PURPOSE ARE DISCLAIMED.  IN NO EVENT SHALL MICROCHIP BE LIABLE FOR ANY DIRECT, INDIREC
      +                          T,
    35                           ; INCIDENTAL, SPECIAL, EXEMPLARY, OR CONSEQUENTIAL DAMAGES (INCLUDING BUT NOT LIMITED TO
    36                           ; PROCUREMENT OF SUBSTITUTE GOODS OR SERVICES; LOSS OF USE, DATA OR PROFITS; OR BUSINESS
    37                           ; INTERRUPTION) HOWSOEVER CAUSED AND ON ANY THEORY OF LIABILITY, WHETHER IN CONTRACT, ST
      +                          RICT
    38                           ; LIABILITY, OR TORT (INCLUDING NEGLIGENCE OR OTHERWISE) ARISING IN ANY WAY OUT OF THE U
      +                          SE OF
    39                           ; THIS SOFTWARE, EVEN IF ADVISED OF THE POSSIBILITY OF SUCH DAMAGE.
    40                           ; 
    41                           ; 
    42                           ; Code-generator required, PIC18F8722 Definitions
    43                           ; 
    44                           ; SFR Addresses
    45  0000                     _LATCbits	set	3979
    46  0000                     _LATAbits	set	3977
    47  0000                     _TRISCbits	set	3988
    48  0000                     _LATFbits	set	3982
    49  0000                     _TRISFbits	set	3991
    50  0000                     _LATD	set	3980
    51  0000                     _TRISD	set	3989
    52  0000                     _ADCON1	set	4033
    53  0000                     _TRISBbits	set	3987
    54  0000                     _TRISAbits	set	3986
    55  0000                     _T0CON	set	4053
    56  0000                     _INTCONbits	set	4082
    57  0000                     _OSCTUNE	set	3995
    58  0000                     _OSCCON	set	4051
    59                           
    60                           ; #config settings
    61  0000                     
    62                           	psect	cinit
    63  01FFFA                     __pcinit:
    64                           	opt callstack 0
    65  01FFFA                     start_initialization:
    66                           	opt callstack 0
    67  01FFFA                     __initialization:
    68                           	opt callstack 0
    69  01FFFA                     end_of_initialization:
    70                           	opt callstack 0
    71  01FFFA                     __end_of__initialization:
    72                           	opt callstack 0
    73  01FFFA  0100               	movlb	0
    74  01FFFC  EFFB  F0FF         	goto	_main	;jump to C main() function
    75                           
    76                           	psect	cstackCOMRAM
    77  000000                     __pcstackCOMRAM:
    78                           	opt callstack 0
    79  000000                     
    80                           ; 1 bytes @ 0x0
    81 ;;
    82 ;;Main: autosize = 0, tempsize = 0, incstack = 0, save=0
    83 ;;
    84 ;; *************** function _main *****************
    85 ;; Defined at:
    86 ;;		line 11 in file "main.c"
    87 ;; Parameters:    Size  Location     Type
    88 ;;		None
    89 ;; Auto vars:     Size  Location     Type
    90 ;;		None
    91 ;; Return value:  Size  Location     Type
    92 ;;                  1    wreg      void 
    93 ;; Registers used:
    94 ;;		None
    95 ;; Tracked objects:
    96 ;;		On entry : 0/0
    97 ;;		On exit  : 0/0
    98 ;;		Unchanged: 0/0
    99 ;; Data sizes:     COMRAM   BANK0   BANK1   BANK2   BANK3   BANK4   BANK5   BANK6   BANK7   BANK8   BANK9  BANK10  BANK1
      +1  BANK12  BANK13  BANK14  BANK15
   100 ;;      Params:         0       0       0       0       0       0       0       0       0       0       0       0       
      +0       0       0       0       0
   101 ;;      Locals:         0       0       0       0       0       0       0       0       0       0       0       0       
      +0       0       0       0       0
   102 ;;      Temps:          0       0       0       0       0       0       0       0       0       0       0       0       
      +0       0       0       0       0
   103 ;;      Totals:         0       0       0       0       0       0       0       0       0       0       0       0       
      +0       0       0       0       0
   104 ;;Total ram usage:        0 bytes
   105 ;; This function calls:
   106 ;;		Nothing
   107 ;; This function is called by:
   108 ;;		Startup code after reset
   109 ;; This function uses a non-reentrant model
   110 ;;
   111                           
   112                           	psect	text0
   113  01FFF6                     __ptext0:
   114                           	opt callstack 0
   115  01FFF6                     _main:
   116                           	opt callstack 31
   117  01FFF6  EF00  F000         	goto	start
   118  01FFFA                     __end_of_main:
   119                           	opt callstack 0
   120  0000                     
   121                           	psect	rparam
   122  0000                     tosu	equ	0xFFF
   123                           tosh	equ	0xFFE
   124                           tosl	equ	0xFFD
   125                           stkptr	equ	0xFFC
   126                           pclatu	equ	0xFFB
   127                           pclath	equ	0xFFA
   128                           pcl	equ	0xFF9
   129                           tblptru	equ	0xFF8
   130                           tblptrh	equ	0xFF7
   131                           tblptrl	equ	0xFF6
   132                           tablat	equ	0xFF5
   133                           prodh	equ	0xFF4
   134                           prodl	equ	0xFF3
   135                           indf0	equ	0xFEF
   136                           postinc0	equ	0xFEE
   137                           postdec0	equ	0xFED
   138                           preinc0	equ	0xFEC
   139                           plusw0	equ	0xFEB
   140                           fsr0h	equ	0xFEA
   141                           fsr0l	equ	0xFE9
   142                           wreg	equ	0xFE8
   143                           indf1	equ	0xFE7
   144                           postinc1	equ	0xFE6
   145                           postdec1	equ	0xFE5
   146                           preinc1	equ	0xFE4
   147                           plusw1	equ	0xFE3
   148                           fsr1h	equ	0xFE2
   149                           fsr1l	equ	0xFE1
   150                           bsr	equ	0xFE0
   151                           indf2	equ	0xFDF
   152                           postinc2	equ	0xFDE
   153                           postdec2	equ	0xFDD
   154                           preinc2	equ	0xFDC
   155                           plusw2	equ	0xFDB
   156                           fsr2h	equ	0xFDA
   157                           fsr2l	equ	0xFD9
   158                           status	equ	0xFD8


Data Sizes:
    Strings     0
    Constant    0
    Data        0
    BSS         0
    Persistent  0
    Stack       0

Auto Spaces:
    Space          Size  Autos    Used
    COMRAM           95      0       0
    BANK0           160      0       0
    BANK1           256      0       0
    BANK2           256      0       0
    BANK3           256      0       0
    BANK4           256      0       0
    BANK5           256      0       0
    BANK6           256      0       0
    BANK7           256      0       0
    BANK8           256      0       0
    BANK9           256      0       0
    BANK10          256      0       0
    BANK11          256      0       0
    BANK12          256      0       0
    BANK13          256      0       0
    BANK14          256      0       0
    BANK15           96      0       0

Pointer List with Targets:

    None.

Critical Paths under _main in COMRAM

    None.

Critical Paths under _main in BANK0

    None.

Critical Paths under _main in BANK1

    None.

Critical Paths under _main in BANK2

    None.

Critical Paths under _main in BANK3

    None.

Critical Paths under _main in BANK4

    None.

Critical Paths under _main in BANK5

    None.

Critical Paths under _main in BANK6

    None.

Critical Paths under _main in BANK7

    None.

Critical Paths under _main in BANK8

    None.

Critical Paths under _main in BANK9

    None.

Critical Paths under _main in BANK10

    None.

Critical Paths under _main in BANK11

    None.

Critical Paths under _main in BANK12

    None.

Critical Paths under _main in BANK13

    None.

Critical Paths under _main in BANK14

    None.

Critical Paths under _main in BANK15

    None.

Call Graph Tables:

 ---------------------------------------------------------------------------------
 (Depth) Function   	        Calls       Base Space   Used Autos Params    Refs
 ---------------------------------------------------------------------------------
 (0) _main                                                 0     0      0       0
 ---------------------------------------------------------------------------------
 Estimated maximum stack depth 0
 ---------------------------------------------------------------------------------

 Call Graph Graphs:

 _main (ROOT)

 Address spaces:
Name               Size   Autos  Total    Cost      Usage
BITCOMRAM           5F      0       0       0        0.0%
EEDATA             400      0       0       0        0.0%
NULL                 0      0       0       0        0.0%
CODE                 0      0       0       0        0.0%
COMRAM              5F      0       0       1        0.0%
STACK                0      0       0       2        0.0%
DATA                 0      0       0       3        0.0%
BITBANK0            A0      0       0       4        0.0%
BANK0               A0      0       0       5        0.0%
BITBANK1           100      0       0       6        0.0%
BANK1              100      0       0       7        0.0%
BITBANK2           100      0       0       8        0.0%
BANK2              100      0       0       9        0.0%
BITBANK3           100      0       0      10        0.0%
BANK3              100      0       0      11        0.0%
BITBANK4           100      0       0      12        0.0%
BANK4              100      0       0      13        0.0%
BITBANK5           100      0       0      14        0.0%
BANK5              100      0       0      15        0.0%
BITBANK6           100      0       0      16        0.0%
BANK6              100      0       0      17        0.0%
BITBANK7           100      0       0      18        0.0%
BANK7              100      0       0      19        0.0%
BITBANK8           100      0       0      20        0.0%
BANK8              100      0       0      21        0.0%
BITBANK9           100      0       0      22        0.0%
BANK9              100      0       0      23        0.0%
BITBANK10          100      0       0      24        0.0%
BANK10             100      0       0      25        0.0%
BITBANK11          100      0       0      26        0.0%
BANK11             100      0       0      27        0.0%
BITBANK12          100      0       0      28        0.0%
BANK12             100      0       0      29        0.0%
BITBANK13          100      0       0      30        0.0%
BANK13             100      0       0      31        0.0%
ABS                  0      0       0      32        0.0%
BITBANK14          100      0       0      33        0.0%
BANK14             100      0       0      34        0.0%
BITBANK15           60      0       0      35        0.0%
BANK15              60      0       0      36        0.0%
BIGRAM             F5F      0       0      37        0.0%
BITSFR               0      0       0     200        0.0%
SFR                  0      0       0     200        0.0%


Microchip Technology PIC18 Macro Assembler V2.10 build 88905656 
Symbol Table                                                                                   Sat Sep 21 13:09:32 2019

                      l5 FFF6                      l832 FFF6             __CFG_LVP$OFF 000000  
           __CFG_WDT$OFF 000000                     _LATD 000F8C                     _main FFF6  
                   start 0000            __CFG_IESO$OFF 000000            __CFG_MCLRE$ON 000000  
           ___param_bank 000000                    ?_main 0000                    _T0CON 000FD5  
                  _TRISD 000F95            __CFG_PWRT$OFF 000000           __CFG_FCMEN$OFF 000000  
         __CFG_BOREN$OFF 000000          __initialization FFFA             __end_of_main FFFA  
         __CFG_OSC$HSPLL 000000                   ??_main 0000            __activetblptr 000000  
                 _ADCON1 000FC1                   _OSCCON 000FD3           __CFG_XINST$OFF 000000  
             __accesstop 0060  __end_of__initialization FFFA            ___rparam_used 000001  
         __pcstackCOMRAM 0000                  _OSCTUNE 000F9B                  __Hparam 0000  
                __Lparam 0000                  __pcinit FFFA                  __ramtop 1000  
                __ptext0 FFF6     end_of_initialization FFFA                _TRISAbits 000F92  
              _TRISBbits 000F93                _TRISCbits 000F94                _TRISFbits 000F97  
    start_initialization FFFA                 _LATAbits 000F89                 _LATCbits 000F8B  
               _LATFbits 000F8E                 __Hrparam 0000                 __Lrparam 0000  
          __size_of_main 0004               _INTCONbits 000FF2  
